<?xml version="1.0" encoding="UTF-8"?>
<!-- Generated by org.testng.reporters.JUnitXMLReporter -->
<testsuite ignored="0" hostname="Asus-Vivobook-S14" failures="0" tests="8" name="Test" time="77.899" errors="0" timestamp="2025-12-24T16:13:00 IST">
  <testcase classname="tests.LoginTest" name="TC_001_testValidLogin" time="4.57"/>
  <testcase classname="tests.LoginTest" name="TC_002_testInvalidLogin" time="4.337"/>
  <testcase classname="tests.LoginTest" name="TC_003_emptyCredentials" time="2.981"/>
  <testcase classname="tests.AddToCartTest" name="TC_004_addSingleItem" time="1.401"/>
  <testcase classname="tests.AddToCartTest" name="TC_005_addMultipleItem" time="1.575"/>
  <testcase classname="tests.AddToCartTest" name="TC_006_removeItem" time="1.322"/>
  <testcase classname="tests.CheckoutTest" name="TC_007_placeOrderwithValidDetails" time="8.003"/>
  <testcase classname="tests.CheckoutTest" name="TC_008_checkoutWithoutAddingItems" time="2.734"/>
</testsuite> <!-- Test -->
