<?xml version="1.0" encoding="UTF-8"?>
<!-- Generated by org.testng.reporters.JUnitReportReporter -->
<testsuite hostname="Asus-Vivobook-S14" failures="0" tests="2" name="tests.CheckoutTest" time="21.037" errors="0" timestamp="2025-12-24T16:13:00 IST" skipped="0">
  <testcase classname="tests.CheckoutTest" name="TC_007_placeOrderwithValidDetails" time="12.837"/>
  <testcase classname="tests.CheckoutTest" name="TC_008_checkoutWithoutAddingItems" time="8.200"/>
</testsuite> <!-- tests.CheckoutTest -->
