<?xml version="1.0" encoding="UTF-8"?>
<!-- Generated by org.testng.reporters.JUnitReportReporter -->
<testsuite hostname="Asus-Vivobook-S14" failures="0" tests="3" name="tests.LoginTest" time="35.297" errors="0" timestamp="2025-12-24T16:13:00 IST" skipped="0">
  <testcase classname="tests.LoginTest" name="TC_001_testValidLogin" time="16.695"/>
  <testcase classname="tests.LoginTest" name="TC_003_emptyCredentials" time="9.123"/>
  <testcase classname="tests.LoginTest" name="TC_002_testInvalidLogin" time="9.479"/>
</testsuite> <!-- tests.LoginTest -->
