<?xml version="1.0" encoding="UTF-8"?>
<!-- Generated by org.testng.reporters.JUnitReportReporter -->
<testsuite hostname="Asus-Vivobook-S14" failures="0" tests="3" name="tests.AddToCartTest" time="21.278" errors="0" timestamp="2025-12-24T16:13:00 IST" skipped="0">
  <testcase classname="tests.AddToCartTest" name="TC_006_removeItem" time="6.824"/>
  <testcase classname="tests.AddToCartTest" name="TC_005_addMultipleItem" time="7.588"/>
  <testcase classname="tests.AddToCartTest" name="TC_004_addSingleItem" time="6.866"/>
</testsuite> <!-- tests.AddToCartTest -->
